2022-07-08 17:56:28,784 - ResourceManager : found /templates/macros/page/buildinfo.vm with loader org.apache.velocity.runtime.resource.loader.ClasspathResourceLoader
2022-07-08 17:56:28,791 - Velocimacro : added VM includeClassifications: source=/templates/macros/page/classifications.vm
2022-07-08 17:56:28,791 - ResourceManager : found /templates/macros/page/classifications.vm with loader org.apache.velocity.runtime.resource.loader.ClasspathResourceLoader
2022-07-08 17:56:28,792 - Velocimacro : added VM includeLead: source=/templates/macros/page/lead.vm
2022-07-08 17:56:28,792 - ResourceManager : found /templates/macros/page/lead.vm with loader org.apache.velocity.runtime.resource.loader.ClasspathResourceLoader
2022-07-08 17:56:28,798 - Velocimacro : added VM includeNavigation: source=/templates/macros/page/navigation.vm
2022-07-08 17:56:28,798 - ResourceManager : found /templates/macros/page/navigation.vm with loader org.apache.velocity.runtime.resource.loader.ClasspathResourceLoader
2022-07-08 17:56:28,802 - Velocimacro : added VM includeReportInfo: source=/templates/macros/page/reportInfo.vm
2022-07-08 17:56:28,802 - ResourceManager : found /templates/macros/page/reportInfo.vm with loader org.apache.velocity.runtime.resource.loader.ClasspathResourceLoader
2022-07-08 17:56:28,804 - Velocimacro : added VM includeTitle: source=/templates/macros/page/title.vm
2022-07-08 17:56:28,804 - ResourceManager : found /templates/macros/page/title.vm with loader org.apache.velocity.runtime.resource.loader.ClasspathResourceLoader
2022-07-08 17:56:28,806 - Velocimacro : added VM includeExpandingButtons: source=/templates/macros/report/expandAllButtons.vm
2022-07-08 17:56:28,806 - ResourceManager : found /templates/macros/report/expandAllButtons.vm with loader org.apache.velocity.runtime.resource.loader.ClasspathResourceLoader
2022-07-08 17:56:28,816 - Velocimacro : added VM includeReportTable: source=/templates/macros/report/reportTable.vm
2022-07-08 17:56:28,816 - ResourceManager : found /templates/macros/report/reportTable.vm with loader org.apache.velocity.runtime.resource.loader.ClasspathResourceLoader
2022-07-08 17:56:28,820 - Velocimacro : added VM includeReportHeader: source=/templates/macros/report/reportHeader.vm
2022-07-08 17:56:28,820 - ResourceManager : found /templates/macros/report/reportHeader.vm with loader org.apache.velocity.runtime.resource.loader.ClasspathResourceLoader
2022-07-08 17:56:28,829 - Velocimacro : added VM includeStatsTable: source=/templates/macros/report/statsTable.vm
2022-07-08 17:56:28,829 - ResourceManager : found /templates/macros/report/statsTable.vm with loader org.apache.velocity.runtime.resource.loader.ClasspathResourceLoader
2022-07-08 17:56:28,831 - Velocimacro : added VM includeBrief: source=/templates/macros/json/brief.vm
2022-07-08 17:56:28,831 - ResourceManager : found /templates/macros/json/brief.vm with loader org.apache.velocity.runtime.resource.loader.ClasspathResourceLoader
2022-07-08 17:56:28,832 - Velocimacro : added VM includeDocString: source=/templates/macros/json/docstring.vm
2022-07-08 17:56:28,832 - ResourceManager : found /templates/macros/json/docstring.vm with loader org.apache.velocity.runtime.resource.loader.ClasspathResourceLoader
2022-07-08 17:56:28,834 - Velocimacro : added VM includeDuration: source=/templates/macros/json/duration.vm
2022-07-08 17:56:28,834 - ResourceManager : found /templates/macros/json/duration.vm with loader org.apache.velocity.runtime.resource.loader.ClasspathResourceLoader
2022-07-08 17:56:28,840 - Velocimacro : added VM includeElement: source=/templates/macros/json/element.vm
2022-07-08 17:56:28,840 - ResourceManager : found /templates/macros/json/element.vm with loader org.apache.velocity.runtime.resource.loader.ClasspathResourceLoader
2022-07-08 17:56:28,861 - Velocimacro : added VM includeEmbeddings: source=/templates/macros/json/embeddings.vm
2022-07-08 17:56:28,861 - Velocimacro : added VM includeHtmlEmbedding: source=/templates/macros/json/embeddings.vm
2022-07-08 17:56:28,863 - Velocimacro : added VM includeVideoEmbedding: source=/templates/macros/json/embeddings.vm
2022-07-08 17:56:28,863 - Velocimacro : added VM includeImageEmbedding: source=/templates/macros/json/embeddings.vm
2022-07-08 17:56:28,864 - Velocimacro : added VM includeImageReferenceEmbedding: source=/templates/macros/json/embeddings.vm
2022-07-08 17:56:28,864 - Velocimacro : added VM includeTextEmbedding: source=/templates/macros/json/embeddings.vm
2022-07-08 17:56:28,864 - Velocimacro : added VM includeUnknownEmbedding: source=/templates/macros/json/embeddings.vm
2022-07-08 17:56:28,864 - ResourceManager : found /templates/macros/json/embeddings.vm with loader org.apache.velocity.runtime.resource.loader.ClasspathResourceLoader
2022-07-08 17:56:28,869 - Velocimacro : added VM includeHooks: source=/templates/macros/json/hooks.vm
2022-07-08 17:56:28,869 - ResourceManager : found /templates/macros/json/hooks.vm with loader org.apache.velocity.runtime.resource.loader.ClasspathResourceLoader
2022-07-08 17:56:28,894 - Velocimacro : added VM includeOutput: source=/templates/macros/json/output.vm
2022-07-08 17:56:28,895 - ResourceManager : found /templates/macros/json/output.vm with loader org.apache.velocity.runtime.resource.loader.ClasspathResourceLoader
2022-07-08 17:56:28,896 - Velocimacro : added VM includeMessage: source=/templates/macros/json/message.vm
2022-07-08 17:56:28,896 - ResourceManager : found /templates/macros/json/message.vm with loader org.apache.velocity.runtime.resource.loader.ClasspathResourceLoader
2022-07-08 17:56:28,901 - Velocimacro : added VM includeSteps: source=/templates/macros/json/steps.vm
2022-07-08 17:56:28,901 - ResourceManager : found /templates/macros/json/steps.vm with loader org.apache.velocity.runtime.resource.loader.ClasspathResourceLoader
2022-07-08 17:56:28,903 - Velocimacro : added VM includeStepName: source=/templates/macros/json/stepName.vm
2022-07-08 17:56:28,903 - ResourceManager : found /templates/macros/json/stepName.vm with loader org.apache.velocity.runtime.resource.loader.ClasspathResourceLoader
2022-07-08 17:56:28,904 - Velocimacro : added VM includeTags: source=/templates/macros/json/tags.vm
2022-07-08 17:56:28,905 - ResourceManager : found /templates/macros/json/tags.vm with loader org.apache.velocity.runtime.resource.loader.ClasspathResourceLoader
2022-07-08 17:56:28,920 - VM #includeNavigation: too few arguments to macro. Wanted 1 got 0
2022-07-08 17:56:28,921 - Left side ($active_tab) of '==' operation has null value. If it is a reference, it may not be in the context or its toString() returned null. /templates/macros/page/navigation.vm[line 14, column 51]
2022-07-08 17:56:28,921 - Left side ($active_tab) of '==' operation has null value. If it is a reference, it may not be in the context or its toString() returned null. /templates/macros/page/navigation.vm[line 15, column 51]
2022-07-08 17:56:28,921 - Left side ($active_tab) of '==' operation has null value. If it is a reference, it may not be in the context or its toString() returned null. /templates/macros/page/navigation.vm[line 16, column 51]
2022-07-08 17:56:28,921 - Left side ($active_tab) of '==' operation has null value. If it is a reference, it may not be in the context or its toString() returned null. /templates/macros/page/navigation.vm[line 20, column 51]
2022-07-08 17:56:28,983 - ResourceManager : found /templates/footer.vm with loader org.apache.velocity.runtime.resource.loader.ClasspathResourceLoader
2022-07-09 12:53:20,021 - Log4JLogChute initialized using file 'target/velocity.log'
2022-07-09 12:53:20,022 - Initializing Velocity, Calling init()...
2022-07-09 12:53:20,022 - Starting Apache Velocity v1.7 (compiled: 2010-11-19 12:14:37)
2022-07-09 12:53:20,022 - Default Properties File: org/apache/velocity/runtime/defaults/velocity.properties
2022-07-09 12:53:20,022 - Trying to use logger class org.apache.velocity.runtime.log.AvalonLogChute
2022-07-09 12:53:20,022 - Target log system for org.apache.velocity.runtime.log.AvalonLogChute is not available (java.lang.NoClassDefFoundError: org/apache/log/format/Formatter).  Falling back to next log system...
2022-07-09 12:53:20,022 - Trying to use logger class org.apache.velocity.runtime.log.Log4JLogChute
2022-07-09 12:53:20,023 - Using logger class org.apache.velocity.runtime.log.Log4JLogChute
2022-07-09 12:53:20,028 - ResourceLoader instantiated: org.apache.velocity.runtime.resource.loader.ClasspathResourceLoader
2022-07-09 12:53:20,044 - ResourceCache: initialized (class org.apache.velocity.runtime.resource.ResourceCacheImpl) with class java.util.Collections$SynchronizedMap cache map.
2022-07-09 12:53:20,046 - Loaded System Directive: org.apache.velocity.runtime.directive.Stop
2022-07-09 12:53:20,047 - Loaded System Directive: org.apache.velocity.runtime.directive.Define
2022-07-09 12:53:20,048 - Loaded System Directive: org.apache.velocity.runtime.directive.Break
2022-07-09 12:53:20,049 - Loaded System Directive: org.apache.velocity.runtime.directive.Evaluate
2022-07-09 12:53:20,050 - Loaded System Directive: org.apache.velocity.runtime.directive.Literal
2022-07-09 12:53:20,051 - Loaded System Directive: org.apache.velocity.runtime.directive.Macro
2022-07-09 12:53:20,053 - Loaded System Directive: org.apache.velocity.runtime.directive.Parse
2022-07-09 12:53:20,054 - Loaded System Directive: org.apache.velocity.runtime.directive.Include
2022-07-09 12:53:20,055 - Loaded System Directive: org.apache.velocity.runtime.directive.Foreach
2022-07-09 12:53:20,098 - Created '20' parsers.
2022-07-09 12:53:20,103 - Velocimacro : "velocimacro.library" is not set.  Trying default library: VM_global_library.vm
2022-07-09 12:53:20,104 - Could not load resource 'VM_global_library.vm' from ResourceLoader org.apache.velocity.runtime.resource.loader.ClasspathResourceLoader: ClasspathResourceLoader Error: cannot find resource VM_global_library.vm
2022-07-09 12:53:20,104 - Velocimacro : Default library not found.
2022-07-09 12:53:20,104 - Velocimacro : allowInline = true : VMs can be defined inline in templates
2022-07-09 12:53:20,104 - Velocimacro : allowInlineToOverride = false : VMs defined inline may NOT replace previous VM definitions
2022-07-09 12:53:20,104 - Velocimacro : allowInlineLocal = false : VMs defined inline will be global in scope if allowed.
2022-07-09 12:53:20,105 - Velocimacro : autoload off : VM system will not automatically reload global library macros
2022-07-09 12:53:20,295 - ResourceManager : found templates/generators/errorpage.vm with loader org.apache.velocity.runtime.resource.loader.ClasspathResourceLoader
2022-07-09 12:53:20,301 - ResourceManager : found /templates/headers.vm with loader org.apache.velocity.runtime.resource.loader.ClasspathResourceLoader
2022-07-09 12:53:20,302 - ResourceManager : found /templates/head.vm with loader org.apache.velocity.runtime.resource.loader.ClasspathResourceLoader
2022-07-09 12:53:20,312 - Velocimacro : added VM stringArray: source=/templates/macros/array.js.vm
2022-07-09 12:53:20,312 - Velocimacro : added VM numberArray: source=/templates/macros/array.js.vm
2022-07-09 12:53:20,312 - ResourceManager : found /templates/macros/array.js.vm with loader org.apache.velocity.runtime.resource.loader.ClasspathResourceLoader
2022-07-09 12:53:20,315 - Velocimacro : added VM includeBuildInfo: source=/templates/macros/page/buildinfo.vm
2022-07-09 12:53:20,316 - ResourceManager : found /templates/macros/page/buildinfo.vm with loader org.apache.velocity.runtime.resource.loader.ClasspathResourceLoader
2022-07-09 12:53:20,322 - Velocimacro : added VM includeClassifications: source=/templates/macros/page/classifications.vm
2022-07-09 12:53:20,322 - ResourceManager : found /templates/macros/page/classifications.vm with loader org.apache.velocity.runtime.resource.loader.ClasspathResourceLoader
2022-07-09 12:53:20,323 - Velocimacro : added VM includeLead: source=/templates/macros/page/lead.vm
2022-07-09 12:53:20,323 - ResourceManager : found /templates/macros/page/lead.vm with loader org.apache.velocity.runtime.resource.loader.ClasspathResourceLoader
2022-07-09 12:53:20,328 - Velocimacro : added VM includeNavigation: source=/templates/macros/page/navigation.vm
2022-07-09 12:53:20,328 - ResourceManager : found /templates/macros/page/navigation.vm with loader org.apache.velocity.runtime.resource.loader.ClasspathResourceLoader
2022-07-09 12:53:20,331 - Velocimacro : added VM includeReportInfo: source=/templates/macros/page/reportInfo.vm
2022-07-09 12:53:20,331 - ResourceManager : found /templates/macros/page/reportInfo.vm with loader org.apache.velocity.runtime.resource.loader.ClasspathResourceLoader
2022-07-09 12:53:20,332 - Velocimacro : added VM includeTitle: source=/templates/macros/page/title.vm
2022-07-09 12:53:20,332 - ResourceManager : found /templates/macros/page/title.vm with loader org.apache.velocity.runtime.resource.loader.ClasspathResourceLoader
2022-07-09 12:53:20,333 - Velocimacro : added VM includeExpandingButtons: source=/templates/macros/report/expandAllButtons.vm
2022-07-09 12:53:20,333 - ResourceManager : found /templates/macros/report/expandAllButtons.vm with loader org.apache.velocity.runtime.resource.loader.ClasspathResourceLoader
2022-07-09 12:53:20,341 - Velocimacro : added VM includeReportTable: source=/templates/macros/report/reportTable.vm
2022-07-09 12:53:20,341 - ResourceManager : found /templates/macros/report/reportTable.vm with loader org.apache.velocity.runtime.resource.loader.ClasspathResourceLoader
2022-07-09 12:53:20,344 - Velocimacro : added VM includeReportHeader: source=/templates/macros/report/reportHeader.vm
2022-07-09 12:53:20,344 - ResourceManager : found /templates/macros/report/reportHeader.vm with loader org.apache.velocity.runtime.resource.loader.ClasspathResourceLoader
2022-07-09 12:53:20,355 - Velocimacro : added VM includeStatsTable: source=/templates/macros/report/statsTable.vm
2022-07-09 12:53:20,355 - ResourceManager : found /templates/macros/report/statsTable.vm with loader org.apache.velocity.runtime.resource.loader.ClasspathResourceLoader
2022-07-09 12:53:20,359 - Velocimacro : added VM includeBrief: source=/templates/macros/json/brief.vm
2022-07-09 12:53:20,359 - ResourceManager : found /templates/macros/json/brief.vm with loader org.apache.velocity.runtime.resource.loader.ClasspathResourceLoader
2022-07-09 12:53:20,361 - Velocimacro : added VM includeDocString: source=/templates/macros/json/docstring.vm
2022-07-09 12:53:20,361 - ResourceManager : found /templates/macros/json/docstring.vm with loader org.apache.velocity.runtime.resource.loader.ClasspathResourceLoader
2022-07-09 12:53:20,363 - Velocimacro : added VM includeDuration: source=/templates/macros/json/duration.vm
2022-07-09 12:53:20,363 - ResourceManager : found /templates/macros/json/duration.vm with loader org.apache.velocity.runtime.resource.loader.ClasspathResourceLoader
2022-07-09 12:53:20,368 - Velocimacro : added VM includeElement: source=/templates/macros/json/element.vm
2022-07-09 12:53:20,368 - ResourceManager : found /templates/macros/json/element.vm with loader org.apache.velocity.runtime.resource.loader.ClasspathResourceLoader
2022-07-09 12:53:20,386 - Velocimacro : added VM includeEmbeddings: source=/templates/macros/json/embeddings.vm
2022-07-09 12:53:20,386 - Velocimacro : added VM includeHtmlEmbedding: source=/templates/macros/json/embeddings.vm
2022-07-09 12:53:20,387 - Velocimacro : added VM includeVideoEmbedding: source=/templates/macros/json/embeddings.vm
2022-07-09 12:53:20,387 - Velocimacro : added VM includeImageEmbedding: source=/templates/macros/json/embeddings.vm
2022-07-09 12:53:20,387 - Velocimacro : added VM includeImageReferenceEmbedding: source=/templates/macros/json/embeddings.vm
2022-07-09 12:53:20,388 - Velocimacro : added VM includeTextEmbedding: source=/templates/macros/json/embeddings.vm
2022-07-09 12:53:20,388 - Velocimacro : added VM includeUnknownEmbedding: source=/templates/macros/json/embeddings.vm
2022-07-09 12:53:20,388 - ResourceManager : found /templates/macros/json/embeddings.vm with loader org.apache.velocity.runtime.resource.loader.ClasspathResourceLoader
2022-07-09 12:53:20,392 - Velocimacro : added VM includeHooks: source=/templates/macros/json/hooks.vm
2022-07-09 12:53:20,392 - ResourceManager : found /templates/macros/json/hooks.vm with loader org.apache.velocity.runtime.resource.loader.ClasspathResourceLoader
2022-07-09 12:53:20,396 - Velocimacro : added VM includeOutput: source=/templates/macros/json/output.vm
2022-07-09 12:53:20,396 - ResourceManager : found /templates/macros/json/output.vm with loader org.apache.velocity.runtime.resource.loader.ClasspathResourceLoader
2022-07-09 12:53:20,397 - Velocimacro : added VM includeMessage: source=/templates/macros/json/message.vm
2022-07-09 12:53:20,397 - ResourceManager : found /templates/macros/json/message.vm with loader org.apache.velocity.runtime.resource.loader.ClasspathResourceLoader
2022-07-09 12:53:20,401 - Velocimacro : added VM includeSteps: source=/templates/macros/json/steps.vm
2022-07-09 12:53:20,401 - ResourceManager : found /templates/macros/json/steps.vm with loader org.apache.velocity.runtime.resource.loader.ClasspathResourceLoader
2022-07-09 12:53:20,402 - Velocimacro : added VM includeStepName: source=/templates/macros/json/stepName.vm
2022-07-09 12:53:20,402 - ResourceManager : found /templates/macros/json/stepName.vm with loader org.apache.velocity.runtime.resource.loader.ClasspathResourceLoader
2022-07-09 12:53:20,402 - Velocimacro : added VM includeTags: source=/templates/macros/json/tags.vm
2022-07-09 12:53:20,403 - ResourceManager : found /templates/macros/json/tags.vm with loader org.apache.velocity.runtime.resource.loader.ClasspathResourceLoader
2022-07-09 12:53:20,418 - VM #includeNavigation: too few arguments to macro. Wanted 1 got 0
2022-07-09 12:53:20,420 - Left side ($active_tab) of '==' operation has null value. If it is a reference, it may not be in the context or its toString() returned null. /templates/macros/page/navigation.vm[line 14, column 51]
2022-07-09 12:53:20,420 - Left side ($active_tab) of '==' operation has null value. If it is a reference, it may not be in the context or its toString() returned null. /templates/macros/page/navigation.vm[line 15, column 51]
2022-07-09 12:53:20,420 - Left side ($active_tab) of '==' operation has null value. If it is a reference, it may not be in the context or its toString() returned null. /templates/macros/page/navigation.vm[line 16, column 51]
2022-07-09 12:53:20,420 - Left side ($active_tab) of '==' operation has null value. If it is a reference, it may not be in the context or its toString() returned null. /templates/macros/page/navigation.vm[line 20, column 51]
2022-07-09 12:53:20,487 - ResourceManager : found /templates/footer.vm with loader org.apache.velocity.runtime.resource.loader.ClasspathResourceLoader
2022-07-09 12:54:18,423 - Log4JLogChute initialized using file 'target/velocity.log'
2022-07-09 12:54:18,425 - Initializing Velocity, Calling init()...
2022-07-09 12:54:18,425 - Starting Apache Velocity v1.7 (compiled: 2010-11-19 12:14:37)
2022-07-09 12:54:18,425 - Default Properties File: org/apache/velocity/runtime/defaults/velocity.properties
2022-07-09 12:54:18,425 - Trying to use logger class org.apache.velocity.runtime.log.AvalonLogChute
2022-07-09 12:54:18,425 - Target log system for org.apache.velocity.runtime.log.AvalonLogChute is not available (java.lang.NoClassDefFoundError: org/apache/log/format/Formatter).  Falling back to next log system...
2022-07-09 12:54:18,425 - Trying to use logger class org.apache.velocity.runtime.log.Log4JLogChute
2022-07-09 12:54:18,425 - Using logger class org.apache.velocity.runtime.log.Log4JLogChute
2022-07-09 12:54:18,433 - ResourceLoader instantiated: org.apache.velocity.runtime.resource.loader.ClasspathResourceLoader
2022-07-09 12:54:18,456 - ResourceCache: initialized (class org.apache.velocity.runtime.resource.ResourceCacheImpl) with class java.util.Collections$SynchronizedMap cache map.
2022-07-09 12:54:18,458 - Loaded System Directive: org.apache.velocity.runtime.directive.Stop
2022-07-09 12:54:18,460 - Loaded System Directive: org.apache.velocity.runtime.directive.Define
2022-07-09 12:54:18,461 - Loaded System Directive: org.apache.velocity.runtime.directive.Break
2022-07-09 12:54:18,463 - Loaded System Directive: org.apache.velocity.runtime.directive.Evaluate
2022-07-09 12:54:18,464 - Loaded System Directive: org.apache.velocity.runtime.directive.Literal
2022-07-09 12:54:18,466 - Loaded System Directive: org.apache.velocity.runtime.directive.Macro
2022-07-09 12:54:18,467 - Loaded System Directive: org.apache.velocity.runtime.directive.Parse
2022-07-09 12:54:18,469 - Loaded System Directive: org.apache.velocity.runtime.directive.Include
2022-07-09 12:54:18,471 - Loaded System Directive: org.apache.velocity.runtime.directive.Foreach
2022-07-09 12:54:18,532 - Created '20' parsers.
2022-07-09 12:54:18,542 - Velocimacro : "velocimacro.library" is not set.  Trying default library: VM_global_library.vm
2022-07-09 12:54:18,543 - Could not load resource 'VM_global_library.vm' from ResourceLoader org.apache.velocity.runtime.resource.loader.ClasspathResourceLoader: ClasspathResourceLoader Error: cannot find resource VM_global_library.vm
2022-07-09 12:54:18,544 - Velocimacro : Default library not found.
2022-07-09 12:54:18,544 - Velocimacro : allowInline = true : VMs can be defined inline in templates
2022-07-09 12:54:18,544 - Velocimacro : allowInlineToOverride = false : VMs defined inline may NOT replace previous VM definitions
2022-07-09 12:54:18,544 - Velocimacro : allowInlineLocal = false : VMs defined inline will be global in scope if allowed.
2022-07-09 12:54:18,544 - Velocimacro : autoload off : VM system will not automatically reload global library macros
2022-07-09 12:54:18,746 - ResourceManager : found templates/generators/errorpage.vm with loader org.apache.velocity.runtime.resource.loader.ClasspathResourceLoader
2022-07-09 12:54:18,754 - ResourceManager : found /templates/headers.vm with loader org.apache.velocity.runtime.resource.loader.ClasspathResourceLoader
2022-07-09 12:54:18,755 - ResourceManager : found /templates/head.vm with loader org.apache.velocity.runtime.resource.loader.ClasspathResourceLoader
2022-07-09 12:54:18,758 - Velocimacro : added VM stringArray: source=/templates/macros/array.js.vm
2022-07-09 12:54:18,759 - Velocimacro : added VM numberArray: source=/templates/macros/array.js.vm
2022-07-09 12:54:18,759 - ResourceManager : found /templates/macros/array.js.vm with loader org.apache.velocity.runtime.resource.loader.ClasspathResourceLoader
2022-07-09 12:54:18,762 - Velocimacro : added VM includeBuildInfo: source=/templates/macros/page/buildinfo.vm
2022-07-09 12:54:18,763 - ResourceManager : found /templates/macros/page/buildinfo.vm with loader org.apache.velocity.runtime.resource.loader.ClasspathResourceLoader
2022-07-09 12:54:18,769 - Velocimacro : added VM includeClassifications: source=/templates/macros/page/classifications.vm
2022-07-09 12:54:18,769 - ResourceManager : found /templates/macros/page/classifications.vm with loader org.apache.velocity.runtime.resource.loader.ClasspathResourceLoader
2022-07-09 12:54:18,771 - Velocimacro : added VM includeLead: source=/templates/macros/page/lead.vm
2022-07-09 12:54:18,771 - ResourceManager : found /templates/macros/page/lead.vm with loader org.apache.velocity.runtime.resource.loader.ClasspathResourceLoader
2022-07-09 12:54:18,775 - Velocimacro : added VM includeNavigation: source=/templates/macros/page/navigation.vm
2022-07-09 12:54:18,775 - ResourceManager : found /templates/macros/page/navigation.vm with loader org.apache.velocity.runtime.resource.loader.ClasspathResourceLoader
2022-07-09 12:54:18,779 - Velocimacro : added VM includeReportInfo: source=/templates/macros/page/reportInfo.vm
2022-07-09 12:54:18,779 - ResourceManager : found /templates/macros/page/reportInfo.vm with loader org.apache.velocity.runtime.resource.loader.ClasspathResourceLoader
2022-07-09 12:54:18,782 - Velocimacro : added VM includeTitle: source=/templates/macros/page/title.vm
2022-07-09 12:54:18,782 - ResourceManager : found /templates/macros/page/title.vm with loader org.apache.velocity.runtime.resource.loader.ClasspathResourceLoader
2022-07-09 12:54:18,783 - Velocimacro : added VM includeExpandingButtons: source=/templates/macros/report/expandAllButtons.vm
2022-07-09 12:54:18,783 - ResourceManager : found /templates/macros/report/expandAllButtons.vm with loader org.apache.velocity.runtime.resource.loader.ClasspathResourceLoader
2022-07-09 12:54:18,791 - Velocimacro : added VM includeReportTable: source=/templates/macros/report/reportTable.vm
2022-07-09 12:54:18,792 - ResourceManager : found /templates/macros/report/reportTable.vm with loader org.apache.velocity.runtime.resource.loader.ClasspathResourceLoader
2022-07-09 12:54:18,793 - Velocimacro : added VM includeReportHeader: source=/templates/macros/report/reportHeader.vm
2022-07-09 12:54:18,793 - ResourceManager : found /templates/macros/report/reportHeader.vm with loader org.apache.velocity.runtime.resource.loader.ClasspathResourceLoader
2022-07-09 12:54:18,826 - Velocimacro : added VM includeStatsTable: source=/templates/macros/report/statsTable.vm
2022-07-09 12:54:18,826 - ResourceManager : found /templates/macros/report/statsTable.vm with loader org.apache.velocity.runtime.resource.loader.ClasspathResourceLoader
2022-07-09 12:54:18,827 - Velocimacro : added VM includeBrief: source=/templates/macros/json/brief.vm
2022-07-09 12:54:18,827 - ResourceManager : found /templates/macros/json/brief.vm with loader org.apache.velocity.runtime.resource.loader.ClasspathResourceLoader
2022-07-09 12:54:18,829 - Velocimacro : added VM includeDocString: source=/templates/macros/json/docstring.vm
2022-07-09 12:54:18,829 - ResourceManager : found /templates/macros/json/docstring.vm with loader org.apache.velocity.runtime.resource.loader.ClasspathResourceLoader
2022-07-09 12:54:18,831 - Velocimacro : added VM includeDuration: source=/templates/macros/json/duration.vm
2022-07-09 12:54:18,831 - ResourceManager : found /templates/macros/json/duration.vm with loader org.apache.velocity.runtime.resource.loader.ClasspathResourceLoader
2022-07-09 12:54:18,836 - Velocimacro : added VM includeElement: source=/templates/macros/json/element.vm
2022-07-09 12:54:18,854 - ResourceManager : found /templates/macros/json/element.vm with loader org.apache.velocity.runtime.resource.loader.ClasspathResourceLoader
2022-07-09 12:54:18,872 - Velocimacro : added VM includeEmbeddings: source=/templates/macros/json/embeddings.vm
2022-07-09 12:54:18,872 - Velocimacro : added VM includeHtmlEmbedding: source=/templates/macros/json/embeddings.vm
2022-07-09 12:54:18,873 - Velocimacro : added VM includeVideoEmbedding: source=/templates/macros/json/embeddings.vm
2022-07-09 12:54:18,873 - Velocimacro : added VM includeImageEmbedding: source=/templates/macros/json/embeddings.vm
2022-07-09 12:54:18,873 - Velocimacro : added VM includeImageReferenceEmbedding: source=/templates/macros/json/embeddings.vm
2022-07-09 12:54:18,873 - Velocimacro : added VM includeTextEmbedding: source=/templates/macros/json/embeddings.vm
2022-07-09 12:54:18,874 - Velocimacro : added VM includeUnknownEmbedding: source=/templates/macros/json/embeddings.vm
2022-07-09 12:54:18,874 - ResourceManager : found /templates/macros/json/embeddings.vm with loader org.apache.velocity.runtime.resource.loader.ClasspathResourceLoader
2022-07-09 12:54:18,879 - Velocimacro : added VM includeHooks: source=/templates/macros/json/hooks.vm
2022-07-09 12:54:18,879 - ResourceManager : found /templates/macros/json/hooks.vm with loader org.apache.velocity.runtime.resource.loader.ClasspathResourceLoader
2022-07-09 12:54:18,891 - Velocimacro : added VM includeOutput: source=/templates/macros/json/output.vm
2022-07-09 12:54:18,891 - ResourceManager : found /templates/macros/json/output.vm with loader org.apache.velocity.runtime.resource.loader.ClasspathResourceLoader
2022-07-09 12:54:18,894 - Velocimacro : added VM includeMessage: source=/templates/macros/json/message.vm
2022-07-09 12:54:18,894 - ResourceManager : found /templates/macros/json/message.vm with loader org.apache.velocity.runtime.resource.loader.ClasspathResourceLoader
2022-07-09 12:54:18,962 - Velocimacro : added VM includeSteps: source=/templates/macros/json/steps.vm
2022-07-09 12:54:18,962 - ResourceManager : found /templates/macros/json/steps.vm with loader org.apache.velocity.runtime.resource.loader.ClasspathResourceLoader
2022-07-09 12:54:18,969 - Velocimacro : added VM includeStepName: source=/templates/macros/json/stepName.vm
2022-07-09 12:54:18,969 - ResourceManager : found /templates/macros/json/stepName.vm with loader org.apache.velocity.runtime.resource.loader.ClasspathResourceLoader
2022-07-09 12:54:18,970 - Velocimacro : added VM includeTags: source=/templates/macros/json/tags.vm
2022-07-09 12:54:18,970 - ResourceManager : found /templates/macros/json/tags.vm with loader org.apache.velocity.runtime.resource.loader.ClasspathResourceLoader
2022-07-09 12:54:18,993 - VM #includeNavigation: too few arguments to macro. Wanted 1 got 0
2022-07-09 12:54:18,995 - Left side ($active_tab) of '==' operation has null value. If it is a reference, it may not be in the context or its toString() returned null. /templates/macros/page/navigation.vm[line 14, column 51]
2022-07-09 12:54:18,995 - Left side ($active_tab) of '==' operation has null value. If it is a reference, it may not be in the context or its toString() returned null. /templates/macros/page/navigation.vm[line 15, column 51]
2022-07-09 12:54:18,995 - Left side ($active_tab) of '==' operation has null value. If it is a reference, it may not be in the context or its toString() returned null. /templates/macros/page/navigation.vm[line 16, column 51]
2022-07-09 12:54:18,995 - Left side ($active_tab) of '==' operation has null value. If it is a reference, it may not be in the context or its toString() returned null. /templates/macros/page/navigation.vm[line 20, column 51]
2022-07-09 12:54:19,034 - ResourceManager : found /templates/footer.vm with loader org.apache.velocity.runtime.resource.loader.ClasspathResourceLoader
2022-07-09 12:55:00,945 - Log4JLogChute initialized using file 'target/velocity.log'
2022-07-09 12:55:00,948 - Initializing Velocity, Calling init()...
2022-07-09 12:55:00,949 - Starting Apache Velocity v1.7 (compiled: 2010-11-19 12:14:37)
2022-07-09 12:55:00,949 - Default Properties File: org/apache/velocity/runtime/defaults/velocity.properties
2022-07-09 12:55:00,949 - Trying to use logger class org.apache.velocity.runtime.log.AvalonLogChute
2022-07-09 12:55:00,949 - Target log system for org.apache.velocity.runtime.log.AvalonLogChute is not available (java.lang.NoClassDefFoundError: org/apache/log/format/Formatter).  Falling back to next log system...
2022-07-09 12:55:00,949 - Trying to use logger class org.apache.velocity.runtime.log.Log4JLogChute
2022-07-09 12:55:00,949 - Using logger class org.apache.velocity.runtime.log.Log4JLogChute
2022-07-09 12:55:00,955 - ResourceLoader instantiated: org.apache.velocity.runtime.resource.loader.ClasspathResourceLoader
2022-07-09 12:55:00,999 - ResourceCache: initialized (class org.apache.velocity.runtime.resource.ResourceCacheImpl) with class java.util.Collections$SynchronizedMap cache map.
2022-07-09 12:55:01,000 - Loaded System Directive: org.apache.velocity.runtime.directive.Stop
2022-07-09 12:55:01,002 - Loaded System Directive: org.apache.velocity.runtime.directive.Define
2022-07-09 12:55:01,002 - Loaded System Directive: org.apache.velocity.runtime.directive.Break
2022-07-09 12:55:01,004 - Loaded System Directive: org.apache.velocity.runtime.directive.Evaluate
2022-07-09 12:55:01,005 - Loaded System Directive: org.apache.velocity.runtime.directive.Literal
2022-07-09 12:55:01,008 - Loaded System Directive: org.apache.velocity.runtime.directive.Macro
2022-07-09 12:55:01,010 - Loaded System Directive: org.apache.velocity.runtime.directive.Parse
2022-07-09 12:55:01,011 - Loaded System Directive: org.apache.velocity.runtime.directive.Include
2022-07-09 12:55:01,012 - Loaded System Directive: org.apache.velocity.runtime.directive.Foreach
2022-07-09 12:55:01,056 - Created '20' parsers.
2022-07-09 12:55:01,063 - Velocimacro : "velocimacro.library" is not set.  Trying default library: VM_global_library.vm
2022-07-09 12:55:01,064 - Could not load resource 'VM_global_library.vm' from ResourceLoader org.apache.velocity.runtime.resource.loader.ClasspathResourceLoader: ClasspathResourceLoader Error: cannot find resource VM_global_library.vm
2022-07-09 12:55:01,064 - Velocimacro : Default library not found.
2022-07-09 12:55:01,064 - Velocimacro : allowInline = true : VMs can be defined inline in templates
2022-07-09 12:55:01,064 - Velocimacro : allowInlineToOverride = false : VMs defined inline may NOT replace previous VM definitions
2022-07-09 12:55:01,064 - Velocimacro : allowInlineLocal = false : VMs defined inline will be global in scope if allowed.
2022-07-09 12:55:01,065 - Velocimacro : autoload off : VM system will not automatically reload global library macros
2022-07-09 12:55:01,233 - ResourceManager : found templates/generators/errorpage.vm with loader org.apache.velocity.runtime.resource.loader.ClasspathResourceLoader
2022-07-09 12:55:01,240 - ResourceManager : found /templates/headers.vm with loader org.apache.velocity.runtime.resource.loader.ClasspathResourceLoader
2022-07-09 12:55:01,241 - ResourceManager : found /templates/head.vm with loader org.apache.velocity.runtime.resource.loader.ClasspathResourceLoader
2022-07-09 12:55:01,245 - Velocimacro : added VM stringArray: source=/templates/macros/array.js.vm
2022-07-09 12:55:01,245 - Velocimacro : added VM numberArray: source=/templates/macros/array.js.vm
2022-07-09 12:55:01,245 - ResourceManager : found /templates/macros/array.js.vm with loader org.apache.velocity.runtime.resource.loader.ClasspathResourceLoader
2022-07-09 12:55:01,250 - Velocimacro : added VM includeBuildInfo: source=/templates/macros/page/buildinfo.vm
2022-07-09 12:55:01,250 - ResourceManager : found /templates/macros/page/buildinfo.vm with loader org.apache.velocity.runtime.resource.loader.ClasspathResourceLoader
2022-07-09 12:55:01,257 - Velocimacro : added VM includeClassifications: source=/templates/macros/page/classifications.vm
2022-07-09 12:55:01,257 - ResourceManager : found /templates/macros/page/classifications.vm with loader org.apache.velocity.runtime.resource.loader.ClasspathResourceLoader
2022-07-09 12:55:01,258 - Velocimacro : added VM includeLead: source=/templates/macros/page/lead.vm
2022-07-09 12:55:01,258 - ResourceManager : found /templates/macros/page/lead.vm with loader org.apache.velocity.runtime.resource.loader.ClasspathResourceLoader
2022-07-09 12:55:01,262 - Velocimacro : added VM includeNavigation: source=/templates/macros/page/navigation.vm
2022-07-09 12:55:01,262 - ResourceManager : found /templates/macros/page/navigation.vm with loader org.apache.velocity.runtime.resource.loader.ClasspathResourceLoader
2022-07-09 12:55:01,267 - Velocimacro : added VM includeReportInfo: source=/templates/macros/page/reportInfo.vm
2022-07-09 12:55:01,267 - ResourceManager : found /templates/macros/page/reportInfo.vm with loader org.apache.velocity.runtime.resource.loader.ClasspathResourceLoader
2022-07-09 12:55:01,269 - Velocimacro : added VM includeTitle: source=/templates/macros/page/title.vm
2022-07-09 12:55:01,269 - ResourceManager : found /templates/macros/page/title.vm with loader org.apache.velocity.runtime.resource.loader.ClasspathResourceLoader
2022-07-09 12:55:01,270 - Velocimacro : added VM includeExpandingButtons: source=/templates/macros/report/expandAllButtons.vm
2022-07-09 12:55:01,270 - ResourceManager : found /templates/macros/report/expandAllButtons.vm with loader org.apache.velocity.runtime.resource.loader.ClasspathResourceLoader
2022-07-09 12:55:01,276 - Velocimacro : added VM includeReportTable: source=/templates/macros/report/reportTable.vm
2022-07-09 12:55:01,276 - ResourceManager : found /templates/macros/report/reportTable.vm with loader org.apache.velocity.runtime.resource.loader.ClasspathResourceLoader
2022-07-09 12:55:01,278 - Velocimacro : added VM includeReportHeader: source=/templates/macros/report/reportHeader.vm
2022-07-09 12:55:01,278 - ResourceManager : found /templates/macros/report/reportHeader.vm with loader org.apache.velocity.runtime.resource.loader.ClasspathResourceLoader
2022-07-09 12:55:01,288 - Velocimacro : added VM includeStatsTable: source=/templates/macros/report/statsTable.vm
2022-07-09 12:55:01,288 - ResourceManager : found /templates/macros/report/statsTable.vm with loader org.apache.velocity.runtime.resource.loader.ClasspathResourceLoader
2022-07-09 12:55:01,290 - Velocimacro : added VM includeBrief: source=/templates/macros/json/brief.vm
2022-07-09 12:55:01,290 - ResourceManager : found /templates/macros/json/brief.vm with loader org.apache.velocity.runtime.resource.loader.ClasspathResourceLoader
2022-07-09 12:55:01,292 - Velocimacro : added VM includeDocString: source=/templates/macros/json/docstring.vm
2022-07-09 12:55:01,292 - ResourceManager : found /templates/macros/json/docstring.vm with loader org.apache.velocity.runtime.resource.loader.ClasspathResourceLoader
2022-07-09 12:55:01,293 - Velocimacro : added VM includeDuration: source=/templates/macros/json/duration.vm
2022-07-09 12:55:01,294 - ResourceManager : found /templates/macros/json/duration.vm with loader org.apache.velocity.runtime.resource.loader.ClasspathResourceLoader
2022-07-09 12:55:01,299 - Velocimacro : added VM includeElement: source=/templates/macros/json/element.vm
2022-07-09 12:55:01,300 - ResourceManager : found /templates/macros/json/element.vm with loader org.apache.velocity.runtime.resource.loader.ClasspathResourceLoader
2022-07-09 12:55:01,319 - Velocimacro : added VM includeEmbeddings: source=/templates/macros/json/embeddings.vm
2022-07-09 12:55:01,319 - Velocimacro : added VM includeHtmlEmbedding: source=/templates/macros/json/embeddings.vm
2022-07-09 12:55:01,320 - Velocimacro : added VM includeVideoEmbedding: source=/templates/macros/json/embeddings.vm
2022-07-09 12:55:01,320 - Velocimacro : added VM includeImageEmbedding: source=/templates/macros/json/embeddings.vm
2022-07-09 12:55:01,320 - Velocimacro : added VM includeImageReferenceEmbedding: source=/templates/macros/json/embeddings.vm
2022-07-09 12:55:01,320 - Velocimacro : added VM includeTextEmbedding: source=/templates/macros/json/embeddings.vm
2022-07-09 12:55:01,321 - Velocimacro : added VM includeUnknownEmbedding: source=/templates/macros/json/embeddings.vm
2022-07-09 12:55:01,321 - ResourceManager : found /templates/macros/json/embeddings.vm with loader org.apache.velocity.runtime.resource.loader.ClasspathResourceLoader
2022-07-09 12:55:01,325 - Velocimacro : added VM includeHooks: source=/templates/macros/json/hooks.vm
2022-07-09 12:55:01,325 - ResourceManager : found /templates/macros/json/hooks.vm with loader org.apache.velocity.runtime.resource.loader.ClasspathResourceLoader
2022-07-09 12:55:01,328 - Velocimacro : added VM includeOutput: source=/templates/macros/json/output.vm
2022-07-09 12:55:01,329 - ResourceManager : found /templates/macros/json/output.vm with loader org.apache.velocity.runtime.resource.loader.ClasspathResourceLoader
2022-07-09 12:55:01,330 - Velocimacro : added VM includeMessage: source=/templates/macros/json/message.vm
2022-07-09 12:55:01,330 - ResourceManager : found /templates/macros/json/message.vm with loader org.apache.velocity.runtime.resource.loader.ClasspathResourceLoader
2022-07-09 12:55:01,334 - Velocimacro : added VM includeSteps: source=/templates/macros/json/steps.vm
2022-07-09 12:55:01,334 - ResourceManager : found /templates/macros/json/steps.vm with loader org.apache.velocity.runtime.resource.loader.ClasspathResourceLoader
2022-07-09 12:55:01,335 - Velocimacro : added VM includeStepName: source=/templates/macros/json/stepName.vm
2022-07-09 12:55:01,335 - ResourceManager : found /templates/macros/json/stepName.vm with loader org.apache.velocity.runtime.resource.loader.ClasspathResourceLoader
2022-07-09 12:55:01,336 - Velocimacro : added VM includeTags: source=/templates/macros/json/tags.vm
2022-07-09 12:55:01,337 - ResourceManager : found /templates/macros/json/tags.vm with loader org.apache.velocity.runtime.resource.loader.ClasspathResourceLoader
2022-07-09 12:55:01,353 - VM #includeNavigation: too few arguments to macro. Wanted 1 got 0
2022-07-09 12:55:01,354 - Left side ($active_tab) of '==' operation has null value. If it is a reference, it may not be in the context or its toString() returned null. /templates/macros/page/navigation.vm[line 14, column 51]
2022-07-09 12:55:01,355 - Left side ($active_tab) of '==' operation has null value. If it is a reference, it may not be in the context or its toString() returned null. /templates/macros/page/navigation.vm[line 15, column 51]
2022-07-09 12:55:01,355 - Left side ($active_tab) of '==' operation has null value. If it is a reference, it may not be in the context or its toString() returned null. /templates/macros/page/navigation.vm[line 16, column 51]
2022-07-09 12:55:01,355 - Left side ($active_tab) of '==' operation has null value. If it is a reference, it may not be in the context or its toString() returned null. /templates/macros/page/navigation.vm[line 20, column 51]
2022-07-09 12:55:01,399 - ResourceManager : found /templates/footer.vm with loader org.apache.velocity.runtime.resource.loader.ClasspathResourceLoader
2022-07-09 14:48:54,223 - Log4JLogChute initialized using file 'target/velocity.log'
2022-07-09 14:48:54,225 - Initializing Velocity, Calling init()...
2022-07-09 14:48:54,226 - Starting Apache Velocity v1.7 (compiled: 2010-11-19 12:14:37)
2022-07-09 14:48:54,226 - Default Properties File: org/apache/velocity/runtime/defaults/velocity.properties
2022-07-09 14:48:54,226 - Trying to use logger class org.apache.velocity.runtime.log.AvalonLogChute
2022-07-09 14:48:54,226 - Target log system for org.apache.velocity.runtime.log.AvalonLogChute is not available (java.lang.NoClassDefFoundError: org/apache/log/format/Formatter).  Falling back to next log system...
2022-07-09 14:48:54,226 - Trying to use logger class org.apache.velocity.runtime.log.Log4JLogChute
2022-07-09 14:48:54,226 - Using logger class org.apache.velocity.runtime.log.Log4JLogChute
2022-07-09 14:48:54,231 - ResourceLoader instantiated: org.apache.velocity.runtime.resource.loader.ClasspathResourceLoader
2022-07-09 14:48:54,305 - ResourceCache: initialized (class org.apache.velocity.runtime.resource.ResourceCacheImpl) with class java.util.Collections$SynchronizedMap cache map.
2022-07-09 14:48:54,308 - Loaded System Directive: org.apache.velocity.runtime.directive.Stop
2022-07-09 14:48:54,311 - Loaded System Directive: org.apache.velocity.runtime.directive.Define
2022-07-09 14:48:54,312 - Loaded System Directive: org.apache.velocity.runtime.directive.Break
2022-07-09 14:48:54,313 - Loaded System Directive: org.apache.velocity.runtime.directive.Evaluate
2022-07-09 14:48:54,314 - Loaded System Directive: org.apache.velocity.runtime.directive.Literal
2022-07-09 14:48:54,316 - Loaded System Directive: org.apache.velocity.runtime.directive.Macro
2022-07-09 14:48:54,317 - Loaded System Directive: org.apache.velocity.runtime.directive.Parse
2022-07-09 14:48:54,319 - Loaded System Directive: org.apache.velocity.runtime.directive.Include
2022-07-09 14:48:54,321 - Loaded System Directive: org.apache.velocity.runtime.directive.Foreach
2022-07-09 14:48:54,403 - Created '20' parsers.
2022-07-09 14:48:54,413 - Velocimacro : "velocimacro.library" is not set.  Trying default library: VM_global_library.vm
2022-07-09 14:48:54,414 - Could not load resource 'VM_global_library.vm' from ResourceLoader org.apache.velocity.runtime.resource.loader.ClasspathResourceLoader: ClasspathResourceLoader Error: cannot find resource VM_global_library.vm
2022-07-09 14:48:54,414 - Velocimacro : Default library not found.
2022-07-09 14:48:54,415 - Velocimacro : allowInline = true : VMs can be defined inline in templates
2022-07-09 14:48:54,415 - Velocimacro : allowInlineToOverride = false : VMs defined inline may NOT replace previous VM definitions
2022-07-09 14:48:54,415 - Velocimacro : allowInlineLocal = false : VMs defined inline will be global in scope if allowed.
2022-07-09 14:48:54,415 - Velocimacro : autoload off : VM system will not automatically reload global library macros
2022-07-09 14:48:54,584 - ResourceManager : found templates/generators/errorpage.vm with loader org.apache.velocity.runtime.resource.loader.ClasspathResourceLoader
2022-07-09 14:48:54,589 - ResourceManager : found /templates/headers.vm with loader org.apache.velocity.runtime.resource.loader.ClasspathResourceLoader
2022-07-09 14:48:54,590 - ResourceManager : found /templates/head.vm with loader org.apache.velocity.runtime.resource.loader.ClasspathResourceLoader
2022-07-09 14:48:54,592 - Velocimacro : added VM stringArray: source=/templates/macros/array.js.vm
2022-07-09 14:48:54,592 - Velocimacro : added VM numberArray: source=/templates/macros/array.js.vm
2022-07-09 14:48:54,592 - ResourceManager : found /templates/macros/array.js.vm with loader org.apache.velocity.runtime.resource.loader.ClasspathResourceLoader
2022-07-09 14:48:54,595 - Velocimacro : added VM includeBuildInfo: source=/templates/macros/page/buildinfo.vm
2022-07-09 14:48:54,595 - ResourceManager : found /templates/macros/page/buildinfo.vm with loader org.apache.velocity.runtime.resource.loader.ClasspathResourceLoader
2022-07-09 14:48:54,601 - Velocimacro : added VM includeClassifications: source=/templates/macros/page/classifications.vm
2022-07-09 14:48:54,601 - ResourceManager : found /templates/macros/page/classifications.vm with loader org.apache.velocity.runtime.resource.loader.ClasspathResourceLoader
2022-07-09 14:48:54,602 - Velocimacro : added VM includeLead: source=/templates/macros/page/lead.vm
2022-07-09 14:48:54,603 - ResourceManager : found /templates/macros/page/lead.vm with loader org.apache.velocity.runtime.resource.loader.ClasspathResourceLoader
2022-07-09 14:48:54,607 - Velocimacro : added VM includeNavigation: source=/templates/macros/page/navigation.vm
2022-07-09 14:48:54,607 - ResourceManager : found /templates/macros/page/navigation.vm with loader org.apache.velocity.runtime.resource.loader.ClasspathResourceLoader
2022-07-09 14:48:54,611 - Velocimacro : added VM includeReportInfo: source=/templates/macros/page/reportInfo.vm
2022-07-09 14:48:54,611 - ResourceManager : found /templates/macros/page/reportInfo.vm with loader org.apache.velocity.runtime.resource.loader.ClasspathResourceLoader
2022-07-09 14:48:54,613 - Velocimacro : added VM includeTitle: source=/templates/macros/page/title.vm
2022-07-09 14:48:54,613 - ResourceManager : found /templates/macros/page/title.vm with loader org.apache.velocity.runtime.resource.loader.ClasspathResourceLoader
2022-07-09 14:48:54,620 - Velocimacro : added VM includeExpandingButtons: source=/templates/macros/report/expandAllButtons.vm
2022-07-09 14:48:54,620 - ResourceManager : found /templates/macros/report/expandAllButtons.vm with loader org.apache.velocity.runtime.resource.loader.ClasspathResourceLoader
2022-07-09 14:48:54,626 - Velocimacro : added VM includeReportTable: source=/templates/macros/report/reportTable.vm
2022-07-09 14:48:54,626 - ResourceManager : found /templates/macros/report/reportTable.vm with loader org.apache.velocity.runtime.resource.loader.ClasspathResourceLoader
2022-07-09 14:48:54,630 - Velocimacro : added VM includeReportHeader: source=/templates/macros/report/reportHeader.vm
2022-07-09 14:48:54,630 - ResourceManager : found /templates/macros/report/reportHeader.vm with loader org.apache.velocity.runtime.resource.loader.ClasspathResourceLoader
2022-07-09 14:48:54,639 - Velocimacro : added VM includeStatsTable: source=/templates/macros/report/statsTable.vm
2022-07-09 14:48:54,639 - ResourceManager : found /templates/macros/report/statsTable.vm with loader org.apache.velocity.runtime.resource.loader.ClasspathResourceLoader
2022-07-09 14:48:54,641 - Velocimacro : added VM includeBrief: source=/templates/macros/json/brief.vm
2022-07-09 14:48:54,641 - ResourceManager : found /templates/macros/json/brief.vm with loader org.apache.velocity.runtime.resource.loader.ClasspathResourceLoader
2022-07-09 14:48:54,642 - Velocimacro : added VM includeDocString: source=/templates/macros/json/docstring.vm
2022-07-09 14:48:54,642 - ResourceManager : found /templates/macros/json/docstring.vm with loader org.apache.velocity.runtime.resource.loader.ClasspathResourceLoader
2022-07-09 14:48:54,644 - Velocimacro : added VM includeDuration: source=/templates/macros/json/duration.vm
2022-07-09 14:48:54,644 - ResourceManager : found /templates/macros/json/duration.vm with loader org.apache.velocity.runtime.resource.loader.ClasspathResourceLoader
2022-07-09 14:48:54,649 - Velocimacro : added VM includeElement: source=/templates/macros/json/element.vm
2022-07-09 14:48:54,650 - ResourceManager : found /templates/macros/json/element.vm with loader org.apache.velocity.runtime.resource.loader.ClasspathResourceLoader
2022-07-09 14:48:54,661 - Velocimacro : added VM includeEmbeddings: source=/templates/macros/json/embeddings.vm
2022-07-09 14:48:54,661 - Velocimacro : added VM includeHtmlEmbedding: source=/templates/macros/json/embeddings.vm
2022-07-09 14:48:54,661 - Velocimacro : added VM includeVideoEmbedding: source=/templates/macros/json/embeddings.vm
2022-07-09 14:48:54,662 - Velocimacro : added VM includeImageEmbedding: source=/templates/macros/json/embeddings.vm
2022-07-09 14:48:54,662 - Velocimacro : added VM includeImageReferenceEmbedding: source=/templates/macros/json/embeddings.vm
2022-07-09 14:48:54,663 - Velocimacro : added VM includeTextEmbedding: source=/templates/macros/json/embeddings.vm
2022-07-09 14:48:54,663 - Velocimacro : added VM includeUnknownEmbedding: source=/templates/macros/json/embeddings.vm
2022-07-09 14:48:54,663 - ResourceManager : found /templates/macros/json/embeddings.vm with loader org.apache.velocity.runtime.resource.loader.ClasspathResourceLoader
2022-07-09 14:48:54,676 - Velocimacro : added VM includeHooks: source=/templates/macros/json/hooks.vm
2022-07-09 14:48:54,676 - ResourceManager : found /templates/macros/json/hooks.vm with loader org.apache.velocity.runtime.resource.loader.ClasspathResourceLoader
2022-07-09 14:48:54,680 - Velocimacro : added VM includeOutput: source=/templates/macros/json/output.vm
2022-07-09 14:48:54,680 - ResourceManager : found /templates/macros/json/output.vm with loader org.apache.velocity.runtime.resource.loader.ClasspathResourceLoader
2022-07-09 14:48:54,681 - Velocimacro : added VM includeMessage: source=/templates/macros/json/message.vm
2022-07-09 14:48:54,681 - ResourceManager : found /templates/macros/json/message.vm with loader org.apache.velocity.runtime.resource.loader.ClasspathResourceLoader
2022-07-09 14:48:54,684 - Velocimacro : added VM includeSteps: source=/templates/macros/json/steps.vm
2022-07-09 14:48:54,685 - ResourceManager : found /templates/macros/json/steps.vm with loader org.apache.velocity.runtime.resource.loader.ClasspathResourceLoader
2022-07-09 14:48:54,686 - Velocimacro : added VM includeStepName: source=/templates/macros/json/stepName.vm
2022-07-09 14:48:54,686 - ResourceManager : found /templates/macros/json/stepName.vm with loader org.apache.velocity.runtime.resource.loader.ClasspathResourceLoader
2022-07-09 14:48:54,693 - Velocimacro : added VM includeTags: source=/templates/macros/json/tags.vm
2022-07-09 14:48:54,694 - ResourceManager : found /templates/macros/json/tags.vm with loader org.apache.velocity.runtime.resource.loader.ClasspathResourceLoader
2022-07-09 14:48:54,705 - VM #includeNavigation: too few arguments to macro. Wanted 1 got 0
2022-07-09 14:48:54,706 - Left side ($active_tab) of '==' operation has null value. If it is a reference, it may not be in the context or its toString() returned null. /templates/macros/page/navigation.vm[line 14, column 51]
2022-07-09 14:48:54,706 - Left side ($active_tab) of '==' operation has null value. If it is a reference, it may not be in the context or its toString() returned null. /templates/macros/page/navigation.vm[line 15, column 51]
2022-07-09 14:48:54,706 - Left side ($active_tab) of '==' operation has null value. If it is a reference, it may not be in the context or its toString() returned null. /templates/macros/page/navigation.vm[line 16, column 51]
2022-07-09 14:48:54,706 - Left side ($active_tab) of '==' operation has null value. If it is a reference, it may not be in the context or its toString() returned null. /templates/macros/page/navigation.vm[line 20, column 51]
2022-07-09 14:48:54,752 - ResourceManager : found /templates/footer.vm with loader org.apache.velocity.runtime.resource.loader.ClasspathResourceLoader
2022-07-11 12:49:39,396 - Log4JLogChute initialized using file 'target/velocity.log'
2022-07-11 12:49:39,397 - Initializing Velocity, Calling init()...
2022-07-11 12:49:39,397 - Starting Apache Velocity v1.7 (compiled: 2010-11-19 12:14:37)
2022-07-11 12:49:39,398 - Default Properties File: org/apache/velocity/runtime/defaults/velocity.properties
2022-07-11 12:49:39,398 - Trying to use logger class org.apache.velocity.runtime.log.AvalonLogChute
2022-07-11 12:49:39,398 - Target log system for org.apache.velocity.runtime.log.AvalonLogChute is not available (java.lang.NoClassDefFoundError: org/apache/log/format/Formatter).  Falling back to next log system...
2022-07-11 12:49:39,398 - Trying to use logger class org.apache.velocity.runtime.log.Log4JLogChute
2022-07-11 12:49:39,398 - Using logger class org.apache.velocity.runtime.log.Log4JLogChute
2022-07-11 12:49:39,402 - ResourceLoader instantiated: org.apache.velocity.runtime.resource.loader.ClasspathResourceLoader
2022-07-11 12:49:39,421 - ResourceCache: initialized (class org.apache.velocity.runtime.resource.ResourceCacheImpl) with class java.util.Collections$SynchronizedMap cache map.
2022-07-11 12:49:39,422 - Loaded System Directive: org.apache.velocity.runtime.directive.Stop
2022-07-11 12:49:39,423 - Loaded System Directive: org.apache.velocity.runtime.directive.Define
2022-07-11 12:49:39,424 - Loaded System Directive: org.apache.velocity.runtime.directive.Break
2022-07-11 12:49:39,425 - Loaded System Directive: org.apache.velocity.runtime.directive.Evaluate
2022-07-11 12:49:39,426 - Loaded System Directive: org.apache.velocity.runtime.directive.Literal
2022-07-11 12:49:39,428 - Loaded System Directive: org.apache.velocity.runtime.directive.Macro
2022-07-11 12:49:39,429 - Loaded System Directive: org.apache.velocity.runtime.directive.Parse
2022-07-11 12:49:39,430 - Loaded System Directive: org.apache.velocity.runtime.directive.Include
2022-07-11 12:49:39,431 - Loaded System Directive: org.apache.velocity.runtime.directive.Foreach
2022-07-11 12:49:39,473 - Created '20' parsers.
2022-07-11 12:49:39,487 - Velocimacro : "velocimacro.library" is not set.  Trying default library: VM_global_library.vm
2022-07-11 12:49:39,488 - Could not load resource 'VM_global_library.vm' from ResourceLoader org.apache.velocity.runtime.resource.loader.ClasspathResourceLoader: ClasspathResourceLoader Error: cannot find resource VM_global_library.vm
2022-07-11 12:49:39,488 - Velocimacro : Default library not found.
2022-07-11 12:49:39,488 - Velocimacro : allowInline = true : VMs can be defined inline in templates
2022-07-11 12:49:39,488 - Velocimacro : allowInlineToOverride = false : VMs defined inline may NOT replace previous VM definitions
2022-07-11 12:49:39,488 - Velocimacro : allowInlineLocal = false : VMs defined inline will be global in scope if allowed.
2022-07-11 12:49:39,488 - Velocimacro : autoload off : VM system will not automatically reload global library macros
2022-07-11 12:49:39,672 - ResourceManager : found templates/generators/errorpage.vm with loader org.apache.velocity.runtime.resource.loader.ClasspathResourceLoader
2022-07-11 12:49:39,684 - ResourceManager : found /templates/headers.vm with loader org.apache.velocity.runtime.resource.loader.ClasspathResourceLoader
2022-07-11 12:49:39,685 - ResourceManager : found /templates/head.vm with loader org.apache.velocity.runtime.resource.loader.ClasspathResourceLoader
2022-07-11 12:49:39,690 - Velocimacro : added VM stringArray: source=/templates/macros/array.js.vm
2022-07-11 12:49:39,690 - Velocimacro : added VM numberArray: source=/templates/macros/array.js.vm
2022-07-11 12:49:39,690 - ResourceManager : found /templates/macros/array.js.vm with loader org.apache.velocity.runtime.resource.loader.ClasspathResourceLoader
2022-07-11 12:49:39,699 - Velocimacro : added VM includeBuildInfo: source=/templates/macros/page/buildinfo.vm
2022-07-11 12:49:39,699 - ResourceManager : found /templates/macros/page/buildinfo.vm with loader org.apache.velocity.runtime.resource.loader.ClasspathResourceLoader
2022-07-11 12:49:39,709 - Velocimacro : added VM includeClassifications: source=/templates/macros/page/classifications.vm
2022-07-11 12:49:39,709 - ResourceManager : found /templates/macros/page/classifications.vm with loader org.apache.velocity.runtime.resource.loader.ClasspathResourceLoader
2022-07-11 12:49:39,710 - Velocimacro : added VM includeLead: source=/templates/macros/page/lead.vm
2022-07-11 12:49:39,710 - ResourceManager : found /templates/macros/page/lead.vm with loader org.apache.velocity.runtime.resource.loader.ClasspathResourceLoader
2022-07-11 12:49:39,714 - Velocimacro : added VM includeNavigation: source=/templates/macros/page/navigation.vm
2022-07-11 12:49:39,714 - ResourceManager : found /templates/macros/page/navigation.vm with loader org.apache.velocity.runtime.resource.loader.ClasspathResourceLoader
2022-07-11 12:49:39,718 - Velocimacro : added VM includeReportInfo: source=/templates/macros/page/reportInfo.vm
2022-07-11 12:49:39,718 - ResourceManager : found /templates/macros/page/reportInfo.vm with loader org.apache.velocity.runtime.resource.loader.ClasspathResourceLoader
2022-07-11 12:49:39,720 - Velocimacro : added VM includeTitle: source=/templates/macros/page/title.vm
2022-07-11 12:49:39,720 - ResourceManager : found /templates/macros/page/title.vm with loader org.apache.velocity.runtime.resource.loader.ClasspathResourceLoader
2022-07-11 12:49:39,721 - Velocimacro : added VM includeExpandingButtons: source=/templates/macros/report/expandAllButtons.vm
2022-07-11 12:49:39,722 - ResourceManager : found /templates/macros/report/expandAllButtons.vm with loader org.apache.velocity.runtime.resource.loader.ClasspathResourceLoader
2022-07-11 12:49:39,728 - Velocimacro : added VM includeReportTable: source=/templates/macros/report/reportTable.vm
2022-07-11 12:49:39,728 - ResourceManager : found /templates/macros/report/reportTable.vm with loader org.apache.velocity.runtime.resource.loader.ClasspathResourceLoader
2022-07-11 12:49:39,731 - Velocimacro : added VM includeReportHeader: source=/templates/macros/report/reportHeader.vm
2022-07-11 12:49:39,731 - ResourceManager : found /templates/macros/report/reportHeader.vm with loader org.apache.velocity.runtime.resource.loader.ClasspathResourceLoader
2022-07-11 12:49:39,740 - Velocimacro : added VM includeStatsTable: source=/templates/macros/report/statsTable.vm
2022-07-11 12:49:39,740 - ResourceManager : found /templates/macros/report/statsTable.vm with loader org.apache.velocity.runtime.resource.loader.ClasspathResourceLoader
2022-07-11 12:49:39,743 - Velocimacro : added VM includeBrief: source=/templates/macros/json/brief.vm
2022-07-11 12:49:39,743 - ResourceManager : found /templates/macros/json/brief.vm with loader org.apache.velocity.runtime.resource.loader.ClasspathResourceLoader
2022-07-11 12:49:39,744 - Velocimacro : added VM includeDocString: source=/templates/macros/json/docstring.vm
2022-07-11 12:49:39,744 - ResourceManager : found /templates/macros/json/docstring.vm with loader org.apache.velocity.runtime.resource.loader.ClasspathResourceLoader
2022-07-11 12:49:39,746 - Velocimacro : added VM includeDuration: source=/templates/macros/json/duration.vm
2022-07-11 12:49:39,746 - ResourceManager : found /templates/macros/json/duration.vm with loader org.apache.velocity.runtime.resource.loader.ClasspathResourceLoader
2022-07-11 12:49:39,750 - Velocimacro : added VM includeElement: source=/templates/macros/json/element.vm
2022-07-11 12:49:39,750 - ResourceManager : found /templates/macros/json/element.vm with loader org.apache.velocity.runtime.resource.loader.ClasspathResourceLoader
2022-07-11 12:49:39,771 - Velocimacro : added VM includeEmbeddings: source=/templates/macros/json/embeddings.vm
2022-07-11 12:49:39,771 - Velocimacro : added VM includeHtmlEmbedding: source=/templates/macros/json/embeddings.vm
2022-07-11 12:49:39,771 - Velocimacro : added VM includeVideoEmbedding: source=/templates/macros/json/embeddings.vm
2022-07-11 12:49:39,771 - Velocimacro : added VM includeImageEmbedding: source=/templates/macros/json/embeddings.vm
2022-07-11 12:49:39,772 - Velocimacro : added VM includeImageReferenceEmbedding: source=/templates/macros/json/embeddings.vm
2022-07-11 12:49:39,772 - Velocimacro : added VM includeTextEmbedding: source=/templates/macros/json/embeddings.vm
2022-07-11 12:49:39,772 - Velocimacro : added VM includeUnknownEmbedding: source=/templates/macros/json/embeddings.vm
2022-07-11 12:49:39,772 - ResourceManager : found /templates/macros/json/embeddings.vm with loader org.apache.velocity.runtime.resource.loader.ClasspathResourceLoader
2022-07-11 12:49:39,775 - Velocimacro : added VM includeHooks: source=/templates/macros/json/hooks.vm
2022-07-11 12:49:39,775 - ResourceManager : found /templates/macros/json/hooks.vm with loader org.apache.velocity.runtime.resource.loader.ClasspathResourceLoader
2022-07-11 12:49:39,779 - Velocimacro : added VM includeOutput: source=/templates/macros/json/output.vm
2022-07-11 12:49:39,779 - ResourceManager : found /templates/macros/json/output.vm with loader org.apache.velocity.runtime.resource.loader.ClasspathResourceLoader
2022-07-11 12:49:39,780 - Velocimacro : added VM includeMessage: source=/templates/macros/json/message.vm
2022-07-11 12:49:39,780 - ResourceManager : found /templates/macros/json/message.vm with loader org.apache.velocity.runtime.resource.loader.ClasspathResourceLoader
2022-07-11 12:49:39,784 - Velocimacro : added VM includeSteps: source=/templates/macros/json/steps.vm
2022-07-11 12:49:39,784 - ResourceManager : found /templates/macros/json/steps.vm with loader org.apache.velocity.runtime.resource.loader.ClasspathResourceLoader
2022-07-11 12:49:39,785 - Velocimacro : added VM includeStepName: source=/templates/macros/json/stepName.vm
2022-07-11 12:49:39,786 - ResourceManager : found /templates/macros/json/stepName.vm with loader org.apache.velocity.runtime.resource.loader.ClasspathResourceLoader
2022-07-11 12:49:39,787 - Velocimacro : added VM includeTags: source=/templates/macros/json/tags.vm
2022-07-11 12:49:39,787 - ResourceManager : found /templates/macros/json/tags.vm with loader org.apache.velocity.runtime.resource.loader.ClasspathResourceLoader
2022-07-11 12:49:39,802 - VM #includeNavigation: too few arguments to macro. Wanted 1 got 0
2022-07-11 12:49:39,804 - Left side ($active_tab) of '==' operation has null value. If it is a reference, it may not be in the context or its toString() returned null. /templates/macros/page/navigation.vm[line 14, column 51]
2022-07-11 12:49:39,804 - Left side ($active_tab) of '==' operation has null value. If it is a reference, it may not be in the context or its toString() returned null. /templates/macros/page/navigation.vm[line 15, column 51]
2022-07-11 12:49:39,804 - Left side ($active_tab) of '==' operation has null value. If it is a reference, it may not be in the context or its toString() returned null. /templates/macros/page/navigation.vm[line 16, column 51]
2022-07-11 12:49:39,804 - Left side ($active_tab) of '==' operation has null value. If it is a reference, it may not be in the context or its toString() returned null. /templates/macros/page/navigation.vm[line 20, column 51]
2022-07-11 12:49:39,835 - ResourceManager : found /templates/footer.vm with loader org.apache.velocity.runtime.resource.loader.ClasspathResourceLoader
2022-07-11 12:52:08,728 - Log4JLogChute initialized using file 'target/velocity.log'
2022-07-11 12:52:08,730 - Initializing Velocity, Calling init()...
2022-07-11 12:52:08,730 - Starting Apache Velocity v1.7 (compiled: 2010-11-19 12:14:37)
2022-07-11 12:52:08,730 - Default Properties File: org/apache/velocity/runtime/defaults/velocity.properties
2022-07-11 12:52:08,730 - Trying to use logger class org.apache.velocity.runtime.log.AvalonLogChute
2022-07-11 12:52:08,730 - Target log system for org.apache.velocity.runtime.log.AvalonLogChute is not available (java.lang.NoClassDefFoundError: org/apache/log/format/Formatter).  Falling back to next log system...
2022-07-11 12:52:08,730 - Trying to use logger class org.apache.velocity.runtime.log.Log4JLogChute
2022-07-11 12:52:08,730 - Using logger class org.apache.velocity.runtime.log.Log4JLogChute
2022-07-11 12:52:08,735 - ResourceLoader instantiated: org.apache.velocity.runtime.resource.loader.ClasspathResourceLoader
2022-07-11 12:52:08,759 - ResourceCache: initialized (class org.apache.velocity.runtime.resource.ResourceCacheImpl) with class java.util.Collections$SynchronizedMap cache map.
2022-07-11 12:52:08,761 - Loaded System Directive: org.apache.velocity.runtime.directive.Stop
2022-07-11 12:52:08,763 - Loaded System Directive: org.apache.velocity.runtime.directive.Define
2022-07-11 12:52:08,764 - Loaded System Directive: org.apache.velocity.runtime.directive.Break
2022-07-11 12:52:08,766 - Loaded System Directive: org.apache.velocity.runtime.directive.Evaluate
2022-07-11 12:52:08,767 - Loaded System Directive: org.apache.velocity.runtime.directive.Literal
2022-07-11 12:52:08,769 - Loaded System Directive: org.apache.velocity.runtime.directive.Macro
2022-07-11 12:52:08,771 - Loaded System Directive: org.apache.velocity.runtime.directive.Parse
2022-07-11 12:52:08,773 - Loaded System Directive: org.apache.velocity.runtime.directive.Include
2022-07-11 12:52:08,775 - Loaded System Directive: org.apache.velocity.runtime.directive.Foreach
2022-07-11 12:52:08,831 - Created '20' parsers.
2022-07-11 12:52:08,837 - Velocimacro : "velocimacro.library" is not set.  Trying default library: VM_global_library.vm
2022-07-11 12:52:08,838 - Could not load resource 'VM_global_library.vm' from ResourceLoader org.apache.velocity.runtime.resource.loader.ClasspathResourceLoader: ClasspathResourceLoader Error: cannot find resource VM_global_library.vm
2022-07-11 12:52:08,838 - Velocimacro : Default library not found.
2022-07-11 12:52:08,838 - Velocimacro : allowInline = true : VMs can be defined inline in templates
2022-07-11 12:52:08,838 - Velocimacro : allowInlineToOverride = false : VMs defined inline may NOT replace previous VM definitions
2022-07-11 12:52:08,838 - Velocimacro : allowInlineLocal = false : VMs defined inline will be global in scope if allowed.
2022-07-11 12:52:08,838 - Velocimacro : autoload off : VM system will not automatically reload global library macros
2022-07-11 12:52:09,028 - ResourceManager : found templates/generators/errorpage.vm with loader org.apache.velocity.runtime.resource.loader.ClasspathResourceLoader
2022-07-11 12:52:09,036 - ResourceManager : found /templates/headers.vm with loader org.apache.velocity.runtime.resource.loader.ClasspathResourceLoader
2022-07-11 12:52:09,037 - ResourceManager : found /templates/head.vm with loader org.apache.velocity.runtime.resource.loader.ClasspathResourceLoader
2022-07-11 12:52:09,050 - Velocimacro : added VM stringArray: source=/templates/macros/array.js.vm
2022-07-11 12:52:09,051 - Velocimacro : added VM numberArray: source=/templates/macros/array.js.vm
2022-07-11 12:52:09,051 - ResourceManager : found /templates/macros/array.js.vm with loader org.apache.velocity.runtime.resource.loader.ClasspathResourceLoader
2022-07-11 12:52:09,055 - Velocimacro : added VM includeBuildInfo: source=/templates/macros/page/buildinfo.vm
2022-07-11 12:52:09,055 - ResourceManager : found /templates/macros/page/buildinfo.vm with loader org.apache.velocity.runtime.resource.loader.ClasspathResourceLoader
2022-07-11 12:52:09,062 - Velocimacro : added VM includeClassifications: source=/templates/macros/page/classifications.vm
2022-07-11 12:52:09,062 - ResourceManager : found /templates/macros/page/classifications.vm with loader org.apache.velocity.runtime.resource.loader.ClasspathResourceLoader
2022-07-11 12:52:09,063 - Velocimacro : added VM includeLead: source=/templates/macros/page/lead.vm
2022-07-11 12:52:09,064 - ResourceManager : found /templates/macros/page/lead.vm with loader org.apache.velocity.runtime.resource.loader.ClasspathResourceLoader
2022-07-11 12:52:09,068 - Velocimacro : added VM includeNavigation: source=/templates/macros/page/navigation.vm
2022-07-11 12:52:09,068 - ResourceManager : found /templates/macros/page/navigation.vm with loader org.apache.velocity.runtime.resource.loader.ClasspathResourceLoader
2022-07-11 12:52:09,072 - Velocimacro : added VM includeReportInfo: source=/templates/macros/page/reportInfo.vm
2022-07-11 12:52:09,072 - ResourceManager : found /templates/macros/page/reportInfo.vm with loader org.apache.velocity.runtime.resource.loader.ClasspathResourceLoader
2022-07-11 12:52:09,074 - Velocimacro : added VM includeTitle: source=/templates/macros/page/title.vm
2022-07-11 12:52:09,074 - ResourceManager : found /templates/macros/page/title.vm with loader org.apache.velocity.runtime.resource.loader.ClasspathResourceLoader
2022-07-11 12:52:09,075 - Velocimacro : added VM includeExpandingButtons: source=/templates/macros/report/expandAllButtons.vm
2022-07-11 12:52:09,075 - ResourceManager : found /templates/macros/report/expandAllButtons.vm with loader org.apache.velocity.runtime.resource.loader.ClasspathResourceLoader
2022-07-11 12:52:09,081 - Velocimacro : added VM includeReportTable: source=/templates/macros/report/reportTable.vm
2022-07-11 12:52:09,082 - ResourceManager : found /templates/macros/report/reportTable.vm with loader org.apache.velocity.runtime.resource.loader.ClasspathResourceLoader
2022-07-11 12:52:09,085 - Velocimacro : added VM includeReportHeader: source=/templates/macros/report/reportHeader.vm
2022-07-11 12:52:09,085 - ResourceManager : found /templates/macros/report/reportHeader.vm with loader org.apache.velocity.runtime.resource.loader.ClasspathResourceLoader
2022-07-11 12:52:09,097 - Velocimacro : added VM includeStatsTable: source=/templates/macros/report/statsTable.vm
2022-07-11 12:52:09,097 - ResourceManager : found /templates/macros/report/statsTable.vm with loader org.apache.velocity.runtime.resource.loader.ClasspathResourceLoader
2022-07-11 12:52:09,098 - Velocimacro : added VM includeBrief: source=/templates/macros/json/brief.vm
2022-07-11 12:52:09,098 - ResourceManager : found /templates/macros/json/brief.vm with loader org.apache.velocity.runtime.resource.loader.ClasspathResourceLoader
2022-07-11 12:52:09,100 - Velocimacro : added VM includeDocString: source=/templates/macros/json/docstring.vm
2022-07-11 12:52:09,100 - ResourceManager : found /templates/macros/json/docstring.vm with loader org.apache.velocity.runtime.resource.loader.ClasspathResourceLoader
2022-07-11 12:52:09,102 - Velocimacro : added VM includeDuration: source=/templates/macros/json/duration.vm
2022-07-11 12:52:09,102 - ResourceManager : found /templates/macros/json/duration.vm with loader org.apache.velocity.runtime.resource.loader.ClasspathResourceLoader
2022-07-11 12:52:09,106 - Velocimacro : added VM includeElement: source=/templates/macros/json/element.vm
2022-07-11 12:52:09,106 - ResourceManager : found /templates/macros/json/element.vm with loader org.apache.velocity.runtime.resource.loader.ClasspathResourceLoader
2022-07-11 12:52:09,118 - Velocimacro : added VM includeEmbeddings: source=/templates/macros/json/embeddings.vm
2022-07-11 12:52:09,119 - Velocimacro : added VM includeHtmlEmbedding: source=/templates/macros/json/embeddings.vm
2022-07-11 12:52:09,119 - Velocimacro : added VM includeVideoEmbedding: source=/templates/macros/json/embeddings.vm
2022-07-11 12:52:09,119 - Velocimacro : added VM includeImageEmbedding: source=/templates/macros/json/embeddings.vm
2022-07-11 12:52:09,119 - Velocimacro : added VM includeImageReferenceEmbedding: source=/templates/macros/json/embeddings.vm
2022-07-11 12:52:09,120 - Velocimacro : added VM includeTextEmbedding: source=/templates/macros/json/embeddings.vm
2022-07-11 12:52:09,120 - Velocimacro : added VM includeUnknownEmbedding: source=/templates/macros/json/embeddings.vm
2022-07-11 12:52:09,120 - ResourceManager : found /templates/macros/json/embeddings.vm with loader org.apache.velocity.runtime.resource.loader.ClasspathResourceLoader
2022-07-11 12:52:09,124 - Velocimacro : added VM includeHooks: source=/templates/macros/json/hooks.vm
2022-07-11 12:52:09,124 - ResourceManager : found /templates/macros/json/hooks.vm with loader org.apache.velocity.runtime.resource.loader.ClasspathResourceLoader
2022-07-11 12:52:09,127 - Velocimacro : added VM includeOutput: source=/templates/macros/json/output.vm
2022-07-11 12:52:09,127 - ResourceManager : found /templates/macros/json/output.vm with loader org.apache.velocity.runtime.resource.loader.ClasspathResourceLoader
2022-07-11 12:52:09,128 - Velocimacro : added VM includeMessage: source=/templates/macros/json/message.vm
2022-07-11 12:52:09,129 - ResourceManager : found /templates/macros/json/message.vm with loader org.apache.velocity.runtime.resource.loader.ClasspathResourceLoader
2022-07-11 12:52:09,132 - Velocimacro : added VM includeSteps: source=/templates/macros/json/steps.vm
2022-07-11 12:52:09,132 - ResourceManager : found /templates/macros/json/steps.vm with loader org.apache.velocity.runtime.resource.loader.ClasspathResourceLoader
2022-07-11 12:52:09,134 - Velocimacro : added VM includeStepName: source=/templates/macros/json/stepName.vm
2022-07-11 12:52:09,134 - ResourceManager : found /templates/macros/json/stepName.vm with loader org.apache.velocity.runtime.resource.loader.ClasspathResourceLoader
2022-07-11 12:52:09,135 - Velocimacro : added VM includeTags: source=/templates/macros/json/tags.vm
2022-07-11 12:52:09,135 - ResourceManager : found /templates/macros/json/tags.vm with loader org.apache.velocity.runtime.resource.loader.ClasspathResourceLoader
2022-07-11 12:52:09,155 - VM #includeNavigation: too few arguments to macro. Wanted 1 got 0
2022-07-11 12:52:09,157 - Left side ($active_tab) of '==' operation has null value. If it is a reference, it may not be in the context or its toString() returned null. /templates/macros/page/navigation.vm[line 14, column 51]
2022-07-11 12:52:09,157 - Left side ($active_tab) of '==' operation has null value. If it is a reference, it may not be in the context or its toString() returned null. /templates/macros/page/navigation.vm[line 15, column 51]
2022-07-11 12:52:09,157 - Left side ($active_tab) of '==' operation has null value. If it is a reference, it may not be in the context or its toString() returned null. /templates/macros/page/navigation.vm[line 16, column 51]
2022-07-11 12:52:09,158 - Left side ($active_tab) of '==' operation has null value. If it is a reference, it may not be in the context or its toString() returned null. /templates/macros/page/navigation.vm[line 20, column 51]
2022-07-11 12:52:09,220 - ResourceManager : found /templates/footer.vm with loader org.apache.velocity.runtime.resource.loader.ClasspathResourceLoader
